[debug] [2020-03-02T10:33:34.903Z] ----------------------------------------------------------------------
[debug] [2020-03-02T10:33:34.905Z] Command:       C:\Program Files\nodejs\node.exe C:\Users\Alex\AppData\Roaming\npm\node_modules\firebase-tools\lib\bin\firebase.js deploy
[debug] [2020-03-02T10:33:34.905Z] CLI Version:   7.14.0
[debug] [2020-03-02T10:33:34.905Z] Platform:      win32
[debug] [2020-03-02T10:33:34.906Z] Node Version:  v10.15.3
[debug] [2020-03-02T10:33:34.907Z] Time:          Mon Mar 02 2020 12:33:34 GMT+0200 (Eastern European Standard Time)
[debug] [2020-03-02T10:33:34.907Z] ----------------------------------------------------------------------
[debug] [2020-03-02T10:33:34.907Z] 
[debug] [2020-03-02T10:33:34.915Z] > command requires scopes: ["email","openid","https://www.googleapis.com/auth/cloudplatformprojects.readonly","https://www.googleapis.com/auth/firebase","https://www.googleapis.com/auth/cloud-platform"]
[debug] [2020-03-02T10:33:34.916Z] > authorizing via signed-in user
[debug] [2020-03-02T10:33:34.916Z] [iam] checking project react-media-49414 for permissions ["firebase.projects.get","firebasehosting.sites.update"]
[debug] [2020-03-02T10:33:34.918Z] >>> HTTP REQUEST POST https://cloudresourcemanager.googleapis.com/v1/projects/react-media-49414:testIamPermissions  

[debug] [2020-03-02T10:33:36.204Z] <<< HTTP RESPONSE 200
[debug] [2020-03-02T10:33:36.208Z] >>> HTTP REQUEST GET https://firebase.googleapis.com/v1beta1/projects/react-media-49414  
 
[debug] [2020-03-02T10:33:36.718Z] <<< HTTP RESPONSE 200
[info] 
[info] === Deploying to 'react-media-49414'...
[info] 
[info] i  deploying hosting
[debug] [2020-03-02T10:33:36.731Z] >>> HTTP REQUEST POST https://firebasehosting.googleapis.com/v1beta1/sites/react-media-49414/versions  

[debug] [2020-03-02T10:33:47.935Z] <<< HTTP RESPONSE 503
[debug] [2020-03-02T10:33:47.935Z] <<< HTTP RESPONSE BODY
[error] 
[error] Error: HTTP Error: 503, The service is currently unavailable.
[debug] [2020-03-02T10:33:48.344Z] Error Context: {
  "body": {
    "error": {
      "code": 503,
      "message": "The service is currently unavailable.",
      "status": "UNAVAILABLE"
    }
  },
  "response": {
    "statusCode": 503,
    "body": {
      "error": {
        "code": 503,
        "message": "The service is currently unavailable.",
        "status": "UNAVAILABLE"
      }
    },
    "headers": {
      "vary": "X-Origin, Referer, Origin,Accept-Encoding",
      "content-type": "application/json; charset=UTF-8",
      "date": "Mon, 02 Mar 2020 10:33:52 GMT",
      "server": "ESF",
      "cache-control": "private",
      "x-xss-protection": "0",
      "x-frame-options": "SAMEORIGIN",
      "x-content-type-options": "nosniff",
      "alt-svc": "quic=\":443\"; ma=2592000; v=\"46,43\",h3-Q050=\":443\"; ma=2592000,h3-Q049=\":443\"; ma=2592000,h3-Q048=\":443\"; ma=2592000,h3-Q046=\":443\"; ma=2592000,h3-Q043=\":443\"; ma=2592000",
      "accept-ranges": "none",
      "transfer-encoding": "chunked"
    },
    "request": {
      "uri": {
        "protocol": "https:",
        "slashes": true,
        "auth": null,
        "host": "firebasehosting.googleapis.com",
        "port": 443,
        "hostname": "firebasehosting.googleapis.com",
        "hash": null,
        "search": null,
        "query": null,
        "pathname": "/v1beta1/sites/react-media-49414/versions",
        "path": "/v1beta1/sites/react-media-49414/versions",
        "href": "https://firebasehosting.googleapis.com/v1beta1/sites/react-media-49414/versions"
      },
      "method": "POST"
    }
  }
}
